<?xml version="1.0" encoding="UTF-8"?>
<!-- Generated by org.testng.reporters.JUnitXMLReporter -->
<testsuite ignored="1" hostname="LAPTOP-HCJ7CJO6" failures="2" tests="20" name="classes" time="24.945" errors="0" timestamp="2022-10-11T16:03:13 IST">
  <testcase classname="com.vyasa.testng.basics.TestNGSample" name="OpenBrowser" time="5.567"/>
  <testcase classname="com.vyasa.testng.basics.DemoTestNG" name="TestCase12" time="0.003"/>
  <testcase classname="com.vyasa.testng.basics.DemoTestNG" name="TestCase3" time="0.008">
    <failure type="java.lang.AssertionError" message="expected [true] but found [false]">
      <![CDATA[java.lang.AssertionError: expected [true] but found [false]
at com.vyasa.testng.basics.DemoTestNG.TestCase3(DemoTestNG.java:23)
at java.base/java.util.ArrayList.forEach(ArrayList.java:1511)
at java.base/java.util.concurrent.FutureTask.run(FutureTask.java:264)
at java.base/java.util.concurrent.ThreadPoolExecutor.runWorker(ThreadPoolExecutor.java:1136)
at java.base/java.util.concurrent.ThreadPoolExecutor$Worker.run(ThreadPoolExecutor.java:635)
at java.base/java.lang.Thread.run(Thread.java:833)
... Removed 22 stack frames]]>
    </failure>
  </testcase> <!-- TestCase3 -->
  <testcase classname="com.vyasa.testng.basics.DemoTestNG" name="TestCase2" time="0.001">
    <skipped/>
  </testcase> <!-- TestCase2 -->
  <testcase classname="com.vyasa.testng.basics.DemoTestNG" name="TestCase4" time="0.001"/>
  <testcase classname="com.vyasa.testng.basics.DemoTestNG" name="TestCase5" time="0.034"/>
  <testcase classname="com.vyasa.testng.basics.DemoTestNG" name="TestCase1" time="0.002"/>
  <testcase classname="com.vyasa.testng.basics.TestNGAnnotations" name="TestMethod" time="0.001"/>
  <testcase classname="com.vyasa.testng.basics.TestNGSample" name="VerifyCartDisplayed" time="0.221"/>
  <testcase classname="com.vyasa.testng.basics.TestNGSample" name="VerifyHomePageLoaded" time="0.008"/>
  <testcase classname="com.vyasa.testng.basics.DemoTestNG" name="TestCase6" time="0.0"/>
  <testcase classname="com.vyasa.practice.automation.HomePageAutomation" name="VerifyHomePageIsLoaded" time="0.006"/>
  <testcase classname="com.vyasa.testng.basics.DemoTestNG" name="TestCase7" time="0.0"/>
  <testcase classname="com.vyasa.practice.automation.HomePageAutomation" name="VerifyNewArrivalsDisplayed" time="0.073"/>
  <testcase classname="com.vyasa.testng.basics.DemoTestNG" name="TestCase8" time="0.0"/>
  <testcase classname="com.vyasa.practice.automation.HomePageAutomation" name="VerifyHomePaegeWith3Sliders" time="0.041"/>
  <testcase classname="com.vyasa.testng.basics.DemoTestNG" name="TestCase9" time="0.008"/>
  <testcase classname="com.vyasa.practice.automation.HomePageAutomation" name="VerifyHomePaegeWith3Arrivals" time="0.04"/>
  <testcase classname="com.vyasa.practice.automation.HomePageAutomation" name="VerifyHomePaegeWithArrivalsNavigate" time="4.045">
    <failure type="org.openqa.selenium.StaleElementReferenceException" message="stale element reference: element is not attached to the page document
  (Session info: chrome=105.0.5195.127)
For documentation on this error, please visit: https://www.seleniumhq.org/exceptions/stale_element_reference.html
Build info: version: &amp;apos;3.141.59&amp;apos;, revision: &amp;apos;e82be7d358&amp;apos;, time: &amp;apos;2018-11-14T08:25:53&amp;apos;
System info: host: &amp;apos;LAPTOP-HCJ7CJO6&amp;apos;, ip: &amp;apos;192.168.1.7&amp;apos;, os.name: &amp;apos;Windows 11&amp;apos;, os.arch: &amp;apos;amd64&amp;apos;, os.version: &amp;apos;10.0&amp;apos;, java.version: &amp;apos;17.0.2&amp;apos;
Driver info: org.openqa.selenium.chrome.ChromeDriver
Capabilities {acceptInsecureCerts: false, browserName: chrome, browserVersion: 105.0.5195.127, chrome: {chromedriverVersion: 105.0.5195.52 (412c95e51883..., userDataDir: C:\Users\prach\AppData\Loca...}, goog:chromeOptions: {debuggerAddress: localhost:63579}, javascriptEnabled: true, networkConnectionEnabled: false, pageLoadStrategy: normal, platform: WINDOWS, platformName: WINDOWS, proxy: Proxy(), setWindowRect: true, strictFileInteractability: false, timeouts: {implicit: 0, pageLoad: 300000, script: 30000}, unhandledPromptBehavior: dismiss and notify, webauthn:extension:credBlob: true, webauthn:extension:largeBlob: true, webauthn:virtualAuthenticators: true}
Session ID: 0b2f62f0b8f0ddd6436a063a095c4273">
      <![CDATA[org.openqa.selenium.StaleElementReferenceException: stale element reference: element is not attached to the page document
  (Session info: chrome=105.0.5195.127)
For documentation on this error, please visit: https://www.seleniumhq.org/exceptions/stale_element_reference.html
Build info: version: '3.141.59', revision: 'e82be7d358', time: '2018-11-14T08:25:53'
System info: host: 'LAPTOP-HCJ7CJO6', ip: '192.168.1.7', os.name: 'Windows 11', os.arch: 'amd64', os.version: '10.0', java.version: '17.0.2'
Driver info: org.openqa.selenium.chrome.ChromeDriver
Capabilities {acceptInsecureCerts: false, browserName: chrome, browserVersion: 105.0.5195.127, chrome: {chromedriverVersion: 105.0.5195.52 (412c95e51883..., userDataDir: C:\Users\prach\AppData\Loca...}, goog:chromeOptions: {debuggerAddress: localhost:63579}, javascriptEnabled: true, networkConnectionEnabled: false, pageLoadStrategy: normal, platform: WINDOWS, platformName: WINDOWS, proxy: Proxy(), setWindowRect: true, strictFileInteractability: false, timeouts: {implicit: 0, pageLoad: 300000, script: 30000}, unhandledPromptBehavior: dismiss and notify, webauthn:extension:credBlob: true, webauthn:extension:largeBlob: true, webauthn:virtualAuthenticators: true}
Session ID: 0b2f62f0b8f0ddd6436a063a095c4273
at org.openqa.selenium.remote.http.W3CHttpResponseCodec.createException(W3CHttpResponseCodec.java:187)
at org.openqa.selenium.remote.http.W3CHttpResponseCodec.decode(W3CHttpResponseCodec.java:122)
at org.openqa.selenium.remote.http.W3CHttpResponseCodec.decode(W3CHttpResponseCodec.java:49)
at org.openqa.selenium.remote.HttpCommandExecutor.execute(HttpCommandExecutor.java:158)
at org.openqa.selenium.remote.service.DriverCommandExecutor.execute(DriverCommandExecutor.java:83)
at org.openqa.selenium.remote.RemoteWebDriver.execute(RemoteWebDriver.java:552)
at org.openqa.selenium.remote.RemoteWebElement.execute(RemoteWebElement.java:285)
at org.openqa.selenium.remote.RemoteWebElement.getAttribute(RemoteWebElement.java:134)
at com.vyasa.practice.automation.HomePageAutomation.VerifyHomePaegeWithArrivalsNavigate(HomePageAutomation.java:65)
at java.base/java.util.ArrayList.forEach(ArrayList.java:1511)
at java.base/java.util.concurrent.FutureTask.run(FutureTask.java:264)
at java.base/java.util.concurrent.ThreadPoolExecutor.runWorker(ThreadPoolExecutor.java:1136)
at java.base/java.util.concurrent.ThreadPoolExecutor$Worker.run(ThreadPoolExecutor.java:635)
at java.base/java.lang.Thread.run(Thread.java:833)
... Removed 23 stack frames]]>
    </failure>
  </testcase> <!-- VerifyHomePaegeWithArrivalsNavigate -->
  <testcase classname="com.vyasa.testng.basics.DemoTestNG" name="TestCase11" time="0.0"/>
  <testcase classname="com.vyasa.testng.basics.DemoTestNG" name="TestCase10" time="0.0">
    <ignored/>
  </testcase> <!-- TestCase10 -->
</testsuite> <!-- classes -->
